<?xml version="1.0" encoding="UTF-8"?>
<!-- Generated by org.testng.reporters.JUnitReportReporter -->
<testsuite hostname="DESKTOP-IP80BGQ" failures="0" tests="1" name="com.qa.barcode.BarCodeTest" time="6.636" errors="0" timestamp="2021-09-23T09:31:05 IST" skipped="0">
  <testcase classname="com.qa.barcode.BarCodeTest" name="barCodeTest" time="6.636"/>
  <system-out/>
</testsuite> <!-- com.qa.barcode.BarCodeTest -->
